<?xml version="1.0" encoding="UTF-8"?>
<testsuite name="pl.refactoring.builder.original.book.controller.BookControllerTest" time="0.353" tests="5" errors="0" skipped="0" failures="0">
  <properties>
[...]
</properties>
  <testcase name="shouldUpdateBookDetails" classname="pl.refactoring.builder.original.book.controller.BookControllerTest" time="0.315"/>
  <testcase name="shouldGetBookDetails" classname="pl.refactoring.builder.original.book.controller.BookControllerTest" time="0.006"/>
  <testcase name="shouldCreateBook" classname="pl.refactoring.builder.original.book.controller.BookControllerTest" time="0.013"/>
  <testcase name="shouldDeleteBook" classname="pl.refactoring.builder.original.book.controller.BookControllerTest" time="0.004"/>
  <testcase name="testGetAllBooksApi" classname="pl.refactoring.builder.original.book.controller.BookControllerTest" time="0.015"/>
</testsuite>